sat
A77 -> false
A70 -> false
A66 -> false
A60 -> false
A55 -> false
A50 -> false
A44 -> false
A40 -> false
A33 -> false
A30 -> false
A22 -> false
A20 -> false
A11 -> false
A10 -> false
B77 -> false
B76 -> false
B75 -> false
B74 -> false
B73 -> false
B72 -> false
B71 -> false
B70 -> false
B67 -> false
B66 -> false
B65 -> true
B64 -> false
B63 -> false
B62 -> false
B61 -> false
B60 -> false
B57 -> false
B56 -> false
B55 -> false
B54 -> false
B53 -> false
B52 -> false
B51 -> false
B50 -> true
B47 -> false
B46 -> false
B45 -> false
B44 -> false
B43 -> false
B42 -> false
B41 -> false
B40 -> false
B37 -> false
B36 -> false
B35 -> false
B34 -> false
B33 -> false
B32 -> false
B31 -> true
B30 -> false
B27 -> false
B26 -> true
B25 -> false
B24 -> false
B23 -> false
B22 -> false
B21 -> false
B20 -> false
B17 -> false
B16 -> false
B15 -> false
B14 -> false
B13 -> false
B12 -> false
B11 -> false
B10 -> false
A76 -> false
A75 -> false
A74 -> false
A73 -> false
A72 -> true
A71 -> false
A67 -> true
A65 -> false
A64 -> true
A63 -> false
A62 -> false
A61 -> false
A57 -> false
A56 -> false
A54 -> false
A53 -> false
A52 -> false
A51 -> false
A47 -> false
A46 -> true
A45 -> false
A43 -> false
A42 -> false
A41 -> false
A37 -> true
A36 -> false
A35 -> false
A34 -> false
A32 -> false
A31 -> false
A27 -> false
A26 -> false
A25 -> false
A24 -> false
A23 -> false
A21 -> false
A17 -> true
A16 -> false
A15 -> true
A14 -> false
A13 -> false
A12 -> false
B07 -> false
B06 -> false
B05 -> false
B04 -> true
B03 -> false
B02 -> false
B01 -> false
B00 -> false
F7 -> true
A07 -> false
F6 -> false
A06 -> false
F5 -> false
A05 -> false
F4 -> false
A04 -> false
F3 -> false
A03 -> true
F2 -> false
A02 -> false
F1 -> false
A01 -> false
F0 -> true
A00 -> false
